=== RESUMEN UPDATE 2026-03-13 10:02 ===

Archivos modificados:
  7 archivos cambiados

Archivos nuevos:
  0 archivos nuevos

--- Actualización de códigos ---
Total: 4124 juegos (4124 procesados)
Actualizados: 5 | Sin cambios: 3965
No encontrado: 141 | Saltados: 13
Códigos nuevos: 5 | Movidos a expirados: 0
Tiempo: 135.1s | Concurrencia: 10

Juegos actualizados:
  Asylum Life: 18→19 activos (+1), 0→0 exp
    Nuevos: OUTAGE
  Block Tales Tower Defense: 3→4 activos (+1), 6→6 exp
    Nuevos: 1YEAROFBTTD!
  Cog: 22→23 activos (+1), 35→35 exp
    Nuevos: FUJI
  Mini City Tycoon: 2→2 activos (=), 0→1 exp
    Nuevos: 100M
  Yeet a Friend: 46→47 activos (+1), 13→13 exp
    Nuevos: YEETEASTER

Detalle cambios:
data/games/codigos-asylum-life.json
data/games/codigos-block-tales-tower-defense.json
data/games/codigos-cog.json
data/games/codigos-mini-city-tycoon.json
data/games/codigos-yeet-a-friend.json
scripts/last-update.log
scripts/update-codes-report.log

Nuevos juegos:

