Total: 4124 juegos (4124 procesados)
Actualizados: 9 | Sin cambios: 3961
No encontrado: 141 | Saltados: 13
Códigos nuevos: 11 | Movidos a expirados: 1
Tiempo: 149.1s | Concurrencia: 10

Juegos actualizados:
  Anime Eternal: 0→1 activos (+1), 709→709 exp
    Nuevos: AllCodesInOneUpdate42
  Basketball Zero: 4→3 activos (-1), 153→157 exp
    Nuevos: 1HRTATLISRETURN, 30TATLISRETURN30CURSEKING, TATLISRETURN
  Dollys Factory: 16→17 activos (+1), 2→2 exp
    Nuevos: 20kmembers
  Faction Defense Tycoon: 10→11 activos (+1), 0→0 exp
    Nuevos: startcash55
  Imposters Roles: 48→49 activos (+1), 0→0 exp
    Nuevos: ATMOSPHERE
  Peroxide: 2→2 activos (=), 169→170 exp
    Nuevos: 435kLikes
  Restaurant Tycoon 3: 7→8 activos (+1), 13→13 exp
    Nuevos: frosting2
  Rivals: 29→30 activos (+1), 8→8 exp
    Nuevos: COMMUNITY22
  Special Forces Simulator: 14→15 activos (+1), 8→8 exp
    Nuevos: EVENTHYPE
